<component name="libraryTable">
  <library name="junit-4.5">
    <CLASSES>
      <root url="jar://$PROJECT_DIR$/../Simple-servlet-runner/lib/build/junit/junit-4.5.jar!/" />
    </CLASSES>
    <JAVADOC />
    <SOURCES />
  </library>
</component>